Using pre-set license
Built from '2020.3/staging' branch; Version is '2020.3.0f1 (c7b5465681fb) revision 13088070'; Using compiler version '192528614'; Build Type 'Release'
OS: 'Windows 10 Home Single Language; OS build 19041.1052; Version 2004; 64bit' Language: 'pt' Physical Memory: 8072 MB
BatchMode: 1, IsHumanControllingUs: 0, StartBugReporterOnCrash: 0, Is64bit: 1, IsPro: 0

 COMMAND LINE ARGUMENTS:
C:\Program Files\Unity\Hub\Editor\2020.3.0f1\Editor\Unity.exe
-adb2
-batchMode
-noUpm
-name
AssetImportWorker0
-projectPath
C:/Users/NOTE 1/Documents/GitHub/Tetris
-logFile
Logs/AssetImportWorker0.log
-srvPort
64673
Successfully changed project path to: C:/Users/NOTE 1/Documents/GitHub/Tetris
C:/Users/NOTE 1/Documents/GitHub/Tetris
Using Asset Import Pipeline V2.
Refreshing native plugins compatible for Editor in 88.55 ms, found 0 plugins.
Preloading 0 native plugins for Editor in 0.00 ms.
Initialize engine version: 2020.3.0f1 (c7b5465681fb)
[Subsystems] Discovering subsystems at path C:/Program Files/Unity/Hub/Editor/2020.3.0f1/Editor/Data/Resources/UnitySubsystems
[Subsystems] Discovering subsystems at path C:/Users/NOTE 1/Documents/GitHub/Tetris/Assets
GfxDevice: creating device client; threaded=0
Direct3D:
    Version:  Direct3D 11.0 [level 11.0]
    Renderer: NVIDIA GeForce MX110 (ID=0x174e)
    Vendor:   
    VRAM:     2010 MB
    Driver:   26.21.14.4287
Initialize mono
Mono path[0] = 'C:/Program Files/Unity/Hub/Editor/2020.3.0f1/Editor/Data/Managed'
Mono path[1] = 'C:/Program Files/Unity/Hub/Editor/2020.3.0f1/Editor/Data/MonoBleedingEdge/lib/mono/unityjit'
Mono config path = 'C:/Program Files/Unity/Hub/Editor/2020.3.0f1/Editor/Data/MonoBleedingEdge/etc'
Using monoOptions --debugger-agent=transport=dt_socket,embedding=1,server=y,suspend=n,address=127.0.0.1:56288
Begin MonoManager ReloadAssembly
Registering precompiled unity dll's ...
Register platform support module: C:/Program Files/Unity/Hub/Editor/2020.3.0f1/Editor/Data/PlaybackEngines/WebGLSupport/UnityEditor.WebGL.Extensions.dll
Register platform support module: C:/Program Files/Unity/Hub/Editor/2020.3.0f1/Editor/Data/PlaybackEngines/WindowsStandaloneSupport/UnityEditor.WindowsStandalone.Extensions.dll
Registered in 0.003208 seconds.
Native extension for WindowsStandalone target not found
Native extension for WebGL target not found
Refreshing native plugins compatible for Editor in 62.56 ms, found 0 plugins.
Preloading 0 native plugins for Editor in 0.00 ms.
Invoked RoslynAnalysisRunner static constructor.
RoslynAnalysisRunner will not be running.
RoslynAnalysisRunner has terminated.
Mono: successfully reloaded assembly
- Completed reload, in  3.925 seconds
Platform modules already initialized, skipping
Registering precompiled user dll's ...
Registered in 0.009579 seconds.
Begin MonoManager ReloadAssembly
Native extension for WindowsStandalone target not found
Native extension for WebGL target not found
Refreshing native plugins compatible for Editor in 79.66 ms, found 0 plugins.
Preloading 0 native plugins for Editor in 0.00 ms.
Invoked RoslynAnalysisRunner static constructor.
RoslynAnalysisRunner will not be running.
RoslynAnalysisRunner has terminated.
Mono: successfully reloaded assembly
- Completed reload, in  2.332 seconds
Platform modules already initialized, skipping
========================================================================
Worker process is ready to serve import requests
Shader 'Universal Render Pipeline/Particles/Lit': fallback shader 'Universal Render Pipeline/Particles/SimpleLit' not found
Shader 'Universal Render Pipeline/Particles/Lit': fallback shader 'Universal Render Pipeline/Particles/SimpleLit' not found
Launched and connected shader compiler UnityShaderCompiler.exe after 0.06 seconds
Refreshing native plugins compatible for Editor in 0.82 ms, found 0 plugins.
Preloading 0 native plugins for Editor in 0.00 ms.
Unloading 2478 Unused Serialized files (Serialized files now loaded: 0)
System memory in use before: 126.2 MB.
System memory in use after: 124.0 MB.

Unloading 57 unused Assets to reduce memory usage. Loaded Objects now: 2936.
Total: 23.584300 ms (FindLiveObjects: 0.562200 ms CreateObjectMapping: 0.258000 ms MarkObjects: 21.190100 ms  DeleteObjects: 1.571200 ms)

========================================================================
Received Import Request.
  path: Assets/Scripts/Generic/SoundBox.cs
  artifactKey: Guid(61fd372920670b949959bcd65ffc7988) Importer(815301076,1909f56bfc062723c751e8b465ee728b)
Start importing Assets/Scripts/Generic/SoundBox.cs using Guid(61fd372920670b949959bcd65ffc7988) Importer(815301076,1909f56bfc062723c751e8b465ee728b)  -> (artifact id: 'e43ba100bcb25546d3749d5da79986bf') in 0.034838 seconds
  Import took 0.040996 seconds .

========================================================================
Received Import Request.
  Time since last request: 49.864206 seconds.
  path: Assets/Scripts/Generic/SoundBox.cs
  artifactKey: Guid(61fd372920670b949959bcd65ffc7988) Importer(815301076,1909f56bfc062723c751e8b465ee728b)
Start importing Assets/Scripts/Generic/SoundBox.cs using Guid(61fd372920670b949959bcd65ffc7988) Importer(815301076,1909f56bfc062723c751e8b465ee728b)  -> (artifact id: '15721d5ece5e7528898fb20f22825190') in 0.003841 seconds
  Import took 0.011658 seconds .

========================================================================
Received Import Request.
  Time since last request: 0.003523 seconds.
  path: Assets/Scripts/Generic/SoundBox.cs
  artifactKey: Guid(61fd372920670b949959bcd65ffc7988) Importer(815301076,1909f56bfc062723c751e8b465ee728b)
Start importing Assets/Scripts/Generic/SoundBox.cs using Guid(61fd372920670b949959bcd65ffc7988) Importer(815301076,1909f56bfc062723c751e8b465ee728b)  -> (artifact id: '15721d5ece5e7528898fb20f22825190') in 0.003452 seconds
  Import took 0.009809 seconds .

========================================================================
Received Prepare
Registering precompiled user dll's ...
Registered in 0.009825 seconds.
Begin MonoManager ReloadAssembly
Native extension for WindowsStandalone target not found
Native extension for WebGL target not found
Refreshing native plugins compatible for Editor in 0.80 ms, found 0 plugins.
Preloading 0 native plugins for Editor in 0.00 ms.
Invoked RoslynAnalysisRunner static constructor.
RoslynAnalysisRunner will not be running.
RoslynAnalysisRunner has terminated.
Mono: successfully reloaded assembly
- Completed reload, in  3.537 seconds
Platform modules already initialized, skipping
Shader 'Universal Render Pipeline/Particles/Lit': fallback shader 'Universal Render Pipeline/Particles/SimpleLit' not found
Shader 'Universal Render Pipeline/Particles/Lit': fallback shader 'Universal Render Pipeline/Particles/SimpleLit' not found
Refreshing native plugins compatible for Editor in 0.64 ms, found 0 plugins.
Preloading 0 native plugins for Editor in 0.00 ms.
Unloading 2390 Unused Serialized files (Serialized files now loaded: 0)
System memory in use before: 128.0 MB.
System memory in use after: 125.7 MB.

Unloading 52 unused Assets to reduce memory usage. Loaded Objects now: 2939.
Total: 63.018000 ms (FindLiveObjects: 0.533300 ms CreateObjectMapping: 0.282700 ms MarkObjects: 57.909700 ms  DeleteObjects: 4.288800 ms)

========================================================================
Received Prepare
Registering precompiled user dll's ...
Registered in 0.007266 seconds.
Begin MonoManager ReloadAssembly
Native extension for WindowsStandalone target not found
Native extension for WebGL target not found
Refreshing native plugins compatible for Editor in 1.02 ms, found 0 plugins.
Preloading 0 native plugins for Editor in 0.00 ms.
Invoked RoslynAnalysisRunner static constructor.
RoslynAnalysisRunner will not be running.
RoslynAnalysisRunner has terminated.
Mono: successfully reloaded assembly
- Completed reload, in  3.275 seconds
Platform modules already initialized, skipping
Shader 'Universal Render Pipeline/Particles/Lit': fallback shader 'Universal Render Pipeline/Particles/SimpleLit' not found
Shader 'Universal Render Pipeline/Particles/Lit': fallback shader 'Universal Render Pipeline/Particles/SimpleLit' not found
Refreshing native plugins compatible for Editor in 1.00 ms, found 0 plugins.
Preloading 0 native plugins for Editor in 0.00 ms.
Unloading 2390 Unused Serialized files (Serialized files now loaded: 0)
System memory in use before: 128.0 MB.
System memory in use after: 125.8 MB.

Unloading 52 unused Assets to reduce memory usage. Loaded Objects now: 2942.
Total: 48.300000 ms (FindLiveObjects: 0.294800 ms CreateObjectMapping: 0.123500 ms MarkObjects: 44.340700 ms  DeleteObjects: 3.538000 ms)

========================================================================
Received Import Request.
  Time since last request: 40.118504 seconds.
  path: Assets/Scripts/Generic/SoundBox.cs
  artifactKey: Guid(61fd372920670b949959bcd65ffc7988) Importer(815301076,1909f56bfc062723c751e8b465ee728b)
Start importing Assets/Scripts/Generic/SoundBox.cs using Guid(61fd372920670b949959bcd65ffc7988) Importer(815301076,1909f56bfc062723c751e8b465ee728b)  -> (artifact id: '078a7a6b01594d77265ffc36026accf3') in 0.017860 seconds
  Import took 0.046384 seconds .

========================================================================
Received Prepare
Registering precompiled user dll's ...
Registered in 0.032988 seconds.
Begin MonoManager ReloadAssembly
Native extension for WindowsStandalone target not found
Native extension for WebGL target not found
Refreshing native plugins compatible for Editor in 0.93 ms, found 0 plugins.
Preloading 0 native plugins for Editor in 0.00 ms.
Invoked RoslynAnalysisRunner static constructor.
RoslynAnalysisRunner will not be running.
RoslynAnalysisRunner has terminated.
Mono: successfully reloaded assembly
- Completed reload, in  3.055 seconds
Platform modules already initialized, skipping
Shader 'Universal Render Pipeline/Particles/Lit': fallback shader 'Universal Render Pipeline/Particles/SimpleLit' not found
Shader 'Universal Render Pipeline/Particles/Lit': fallback shader 'Universal Render Pipeline/Particles/SimpleLit' not found
Refreshing native plugins compatible for Editor in 1.06 ms, found 0 plugins.
Preloading 0 native plugins for Editor in 0.00 ms.
Unloading 2390 Unused Serialized files (Serialized files now loaded: 0)
System memory in use before: 128.0 MB.
System memory in use after: 125.8 MB.

Unloading 52 unused Assets to reduce memory usage. Loaded Objects now: 2945.
Total: 99.126300 ms (FindLiveObjects: 0.512700 ms CreateObjectMapping: 0.367400 ms MarkObjects: 93.449500 ms  DeleteObjects: 4.792100 ms)

AssetImportWorkerClient::OnTransportError - code=2 error=End of file
